--------------------------------------------------------------------------------

------ Host: "peperina" ----------Mon May 15 14:18:41 2023

 The log file is : /home/pont/Dropbox/trabajo/estudiantes/javierduarte/suma_restart_filas/ho1d/showsys.log
 The DVR file is : /home/pont/Dropbox/trabajo/estudiantes/javierduarte/suma_restart_filas/ho1d/dvr
 The restart file is : /home/pont/Dropbox/trabajo/estudiantes/javierduarte/suma_restart_filas/ho1d/restart

**** RSTINFO: Reading RESTART file ****
Type : wavefunction, file-version =  8.60030
Created on:
------ Host: "peperina" ----------Tue May  9 14:37:03 2023


--------------------------------------------------------------------------------
****** Source code version ******

Program Version :     8
Release         :     6
Revision        :     3

Heidelberg SVN repository no.: 1427
Checkin date: Fri, 13 Jan 2023, 16:12:38
Compiled: Tue, 09 May 2023, 15:02:28 ; Host: peperina
Program name: showsys86
--------------------------------------------------------------------------------

  *** Memory allocated dynamically ***
 complex*16 :         269
 real*8     :       16386
 integer    :           4
 complex*8  :           2
 Total   :         135584. Bytes ,       0.13 MB
--------------------------------------------------------------------------------


**** RSTINFO: Reading RESTART file ****
Type : wavefunction, file-version =  8.60030
Created on:
------ Host: "peperina" ----------Tue May  9 14:37:03 2023

